<?xml version="1.0" encoding="UTF-8"?>
<!-- Generated by org.testng.reporters.JUnitXMLReporter -->
<testsuite hostname="DESKTOP-O9GDD4D" name="Default test" tests="4" failures="0" timestamp="17 Aug 2018 11:52:38 GMT" time="22.883" errors="0">
  <testcase name="TC_01" time="2.518" classname="Script.Script1"/>
  <testcase name="TC_02" time="1.922" classname="Script.Script1"/>
  <testcase name="TC_03" time="2.499" classname="Script.Script1"/>
  <testcase name="TC_04" time="11.576" classname="Script.Script1"/>
</testsuite> <!-- Default test -->
